Using prefix: asymmigration
Do --multiSFS (requires *_MSFS.sfs format)
Using files: asymmigration.tpl, asymmigration.est, asymmigration_MSFS.obs
FSC executable: /scratch/isaac.overcast/WCS-fsc2/nohybrids/fsc25211
#########################################
Begin Parameter Estimation Replicates
#########################################
Doing Iteratiocopy header
Doing Iteration 2/100
Doing Iteration 3/100
Doing Iterationcopy header
Doing Iteration 2/100
mkdir: cannot create directory `out/1444442961/2': File exists
ing Iteration 9/100
Doing Iteration 10/100
Doing Iteration 11/100
Doing Iteration 12/100
Doing Iteration 13/100
Doing Iteration 14/100
Doing Iteration 15/100
Doing Iteration 16/100
Doing Iteration 17/100
Doing Iteration 18/100
Doing Iteration 19/100
